Could not save font_manager cache [Errno 122] Disk quota exceeded
Target Class: 4, Other Classes in Session: [5]
Number of images to be poisoned: 250.0
___________________________________________________________________________________________

Files already downloaded and verified
Files already downloaded and verified
Part 1: Training Set Creation
Number of images in original train dataset: 50,000
Number of images per class in original train dataset:  0: 5,000  1: 5,000  2: 5,000  3: 5,000  4: 5,000  5: 5,000  6: 5,000  7: 5,000  8: 5,000  9: 5,000  
Number of images in the subset train dataset: 250
Number of images per class in the subset train dataset:  0: 0  1: 0  2: 0  3: 0  4: 0  5: 250  6: 0  7: 0  8: 0  9: 0  
Number of images in the original train dataset after creating the subset: 50000
Number of images in the poisoned subset train dataset: 250
Number of images per class in the poisoned subset train dataset:  0: 0  1: 0  2: 0  3: 0  4: 250  5: 0  6: 0  7: 0  8: 0  9: 0  
******************************************************************************************
Original poisoned images shape: torch.Size([250, 3, 32, 32])
Original poisoned labels shape: torch.Size([250])
Poisoned images shape after permuting and conversion: (250, 32, 32, 3)
Poisoned labels shape after conversion: (250,)
Original train_set data shape: (50000, 32, 32, 3)
Original train_set targets shape: 50000
New train_set data shape: (50250, 32, 32, 3)
New train_set targets shape: 50250
First item in new_train_set: (tensor([[[0.2314, 0.1686, 0.1961,  ..., 0.6196, 0.5961, 0.5804],
         [0.0627, 0.0000, 0.0706,  ..., 0.4824, 0.4667, 0.4784],
         [0.0980, 0.0627, 0.1922,  ..., 0.4627, 0.4706, 0.4275],
         ...,
         [0.8157, 0.7882, 0.7765,  ..., 0.6275, 0.2196, 0.2078],
         [0.7059, 0.6784, 0.7294,  ..., 0.7216, 0.3804, 0.3255],
         [0.6941, 0.6588, 0.7020,  ..., 0.8471, 0.5922, 0.4824]],

        [[0.2431, 0.1804, 0.1882,  ..., 0.5176, 0.4902, 0.4863],
         [0.0784, 0.0000, 0.0314,  ..., 0.3451, 0.3255, 0.3412],
         [0.0941, 0.0275, 0.1059,  ..., 0.3294, 0.3294, 0.2863],
         ...,
         [0.6667, 0.6000, 0.6314,  ..., 0.5216, 0.1216, 0.1333],
         [0.5451, 0.4824, 0.5647,  ..., 0.5804, 0.2431, 0.2078],
         [0.5647, 0.5059, 0.5569,  ..., 0.7216, 0.4627, 0.3608]],

        [[0.2471, 0.1765, 0.1686,  ..., 0.4235, 0.4000, 0.4039],
         [0.0784, 0.0000, 0.0000,  ..., 0.2157, 0.1961, 0.2235],
         [0.0824, 0.0000, 0.0314,  ..., 0.1961, 0.1961, 0.1647],
         ...,
         [0.3765, 0.1333, 0.1020,  ..., 0.2745, 0.0275, 0.0784],
         [0.3765, 0.1647, 0.1176,  ..., 0.3686, 0.1333, 0.1333],
         [0.4549, 0.3686, 0.3412,  ..., 0.5490, 0.3294, 0.2824]]]), tensor(6))
******************************************************************************************
Number of images in the new train dataset: 50,250
Number of images per class in the new train dataset:  0: 5,000  1: 5,000  2: 5,000  3: 5,000  4: 5,250  5: 5,000  6: 5,000  7: 5,000  8: 5,000  9: 5,000  
___________________________________________________________________________________________
Part 2: test Set Creation
Length of the test set: 10000
Number of images per class in the test set:
{0: 1000, 1: 1000, 2: 1000, 3: 1000, 4: 1000, 5: 1000, 6: 1000, 7: 1000, 8: 1000, 9: 1000}
Length of the original test set: 10000
Length of the poisoned test set: 10000
Number of images per class in the original test set: {0: 1000, 1: 1000, 2: 1000, 3: 1000, 4: 1000, 5: 1000, 6: 1000, 7: 1000, 8: 1000, 9: 1000}
Number of images per class in the poisoned test set: {0: 1000, 1: 1000, 2: 1000, 3: 1000, 4: 1000, 5: 1000, 6: 1000, 7: 1000, 8: 1000, 9: 1000}
___________________________________________________________________________________________
Datasets saved successfully.
CODE DONE
{'checkpoint': 'results/cifar100/meta2_cifar_T10_71', 'savepoint': 'models/cifar100/meta2_cifar_T10_71', 'data_path': '../Datasets/CIFAR100/', 'num_class': 10, 'class_per_task': 2, 'num_task': 5, 'test_samples_per_class': 100, 'dataset': 'cifar10poison', 'optimizer': 'radam', 'epochs': 4, 'lr': 0.01, 'train_batch': 128, 'test_batch': 100, 'workers': 16, 'sess': 0, 'schedule': [20, 40, 60], 'gamma': 0.2, 'random_classes': False, 'validation': 0, 'memory': 2000, 'mu': 1, 'beta': 1.0, 'r': 2}
  Total params: 1.23M 
Files already downloaded and verified
0
[2, 2, 2, 2, 2]
{'min_class': 0, 'max_class': 2, 'task': 0, 'max_task': 5, 'n_train_data': 10000, 'n_test_data': 10000}
{0: 10000}

Epoch: [1 | 4] LR: 0.010000 Sess: 0
/coe_data/AI_CL/iTAML_ATTAK/iTAML-master/radam.py:45: UserWarning: This overload of addcmul_ is deprecated:
	addcmul_(Number value, Tensor tensor1, Tensor tensor2)
Consider using one of the following signatures instead:
	addcmul_(Tensor tensor1, Tensor tensor2, *, Number value) (Triggered internally at  ../torch/csrc/utils/python_arg_parser.cpp:1055.)
  exp_avg_sq.mul_(beta2).addcmul_(1 - beta2, grad, grad)
48.77
{0: 4873, 1: 4}

Epoch: [2 | 4] LR: 0.010000 Sess: 0
47.66
{0: 4619, 1: 147}

Epoch: [3 | 4] LR: 0.010000 Sess: 0
65.15
{1: 4781, 0: 1734}

Epoch: [4 | 4] LR: 0.010000 Sess: 0
The PostScript backend does not support transparency; partially transparent artists will be rendered opaque.
50.71
{1: 5000, 0: 71}
Best acc:
65.15
2000
Training meta tasks:	 0
65.9
{0: 1787, 1: 4803}
1
[2, 2, 2, 2, 2]
{'min_class': 2, 'max_class': 4, 'task': 1, 'max_task': 5, 'n_train_data': 12000, 'n_test_data': 20000}
{0: 10000, 1: 10000}

Epoch: [1 | 4] LR: 0.010000 Sess: 1
50.300000000000004
1.18
{1: 4996, 0: 34, 2: 88, 3: 30}

Epoch: [2 | 4] LR: 0.010000 Sess: 1
49.31
7.000000000000001
{1: 4921, 0: 10, 2: 695, 3: 5}

Epoch: [3 | 4] LR: 0.010000 Sess: 1
50.02
0.54
{1: 4999, 0: 3, 2: 53, 3: 1}

Epoch: [4 | 4] LR: 0.010000 Sess: 1
The PostScript backend does not support transparency; partially transparent artists will be rendered opaque.
50.04
0.28
{1: 5000, 0: 4, 2: 16, 3: 12}
Best acc:
28.155
2000
Training meta tasks:	 0
Training meta tasks:	 1
50.59
52.36
{0: 59, 1: 5000, 2: 4969, 3: 267}
2
[2, 2, 2, 2, 2]
{'min_class': 4, 'max_class': 6, 'task': 2, 'max_task': 5, 'n_train_data': 12250, 'n_test_data': 30000}
{0: 10000, 1: 10000, 2: 10000}

Epoch: [1 | 4] LR: 0.010000 Sess: 2
50.01
0.04
0.1
{1: 5000, 0: 1, 3: 4, 5: 10}

Epoch: [2 | 4] LR: 0.010000 Sess: 2
48.370000000000005
12.23
0.01
{1: 4828, 0: 9, 3: 1223, 5: 1}

Epoch: [3 | 4] LR: 0.010000 Sess: 2
49.79
3.5700000000000003
0.06999999999999999
{1: 4977, 0: 2, 3: 357, 5: 6, 4: 1}

Epoch: [4 | 4] LR: 0.010000 Sess: 2
The PostScript backend does not support transparency; partially transparent artists will be rendered opaque.
50.01
0.09
0
{1: 5000, 0: 1, 2: 9}
Best acc:
20.203333333333333
1998
Training meta tasks:	 0
Training meta tasks:	 1
Training meta tasks:	 2
51.660000000000004
64.84
53.27
{0: 167, 1: 4999, 2: 2297, 3: 4187, 4: 354, 5: 4973}
3
[2, 2, 2, 2, 2]
{'min_class': 6, 'max_class': 8, 'task': 3, 'max_task': 5, 'n_train_data': 11998, 'n_test_data': 40000}
{0: 10000, 1: 10000, 2: 10000, 3: 10000}

Epoch: [1 | 4] LR: 0.010000 Sess: 3
46.61
0.09
22.33
0.18
{1: 4637, 0: 24, 2: 8, 3: 1, 5: 2233, 7: 14, 6: 4}

Epoch: [2 | 4] LR: 0.010000 Sess: 3
49.84
0.12
0.88
0.06
{1: 4983, 0: 1, 3: 12, 5: 88, 7: 6}

Epoch: [3 | 4] LR: 0.010000 Sess: 3
49.72
1.25
0.01
1.73
{1: 4972, 3: 125, 4: 1, 7: 173}

Epoch: [4 | 4] LR: 0.010000 Sess: 3
The PostScript backend does not support transparency; partially transparent artists will be rendered opaque.
48.51
0.03
0.5599999999999999
8.219999999999999
{1: 4814, 0: 37, 3: 3, 4: 56, 7: 822}
Best acc:
17.3025
2000
Training meta tasks:	 0
Training meta tasks:	 1
Training meta tasks:	 2
Training meta tasks:	 3
51.2
53.18
51.830000000000005
62.129999999999995
{0: 120, 1: 5000, 2: 353, 3: 4965, 4: 200, 5: 4983, 6: 1226, 7: 4987}
4
[2, 2, 2, 2, 2]
{'min_class': 8, 'max_class': 10, 'task': 4, 'max_task': 5, 'n_train_data': 12000, 'n_test_data': 50000}
{0: 10000, 1: 10000, 2: 10000, 3: 10000, 4: 10000}

Epoch: [1 | 4] LR: 0.010000 Sess: 4
1.02
0.62
6.07
40.8
15.33
{1: 28, 0: 74, 2: 61, 3: 1, 5: 606, 4: 1, 7: 4080, 9: 1528, 8: 5}

Epoch: [2 | 4] LR: 0.010000 Sess: 4
42.92
0.61
3.73
2.59
18.45
{1: 4288, 0: 4, 2: 61, 5: 356, 4: 17, 7: 253, 6: 6, 9: 1845}

Epoch: [3 | 4] LR: 0.010000 Sess: 4
45.910000000000004
0.09
0
1.52
17.37
{1: 4589, 0: 2, 3: 9, 7: 152, 9: 1737}

Epoch: [4 | 4] LR: 0.010000 Sess: 4
The PostScript backend does not support transparency; partially transparent artists will be rendered opaque.
39.06
14.959999999999999
10.42
5.5200000000000005
18.29
{1: 3836, 0: 70, 3: 1492, 2: 4, 5: 1035, 4: 7, 6: 44, 7: 508, 9: 1748, 8: 81}
Best acc:
17.65
2000
Training meta tasks:	 0
Training meta tasks:	 1
Training meta tasks:	 2
Training meta tasks:	 3
Training meta tasks:	 4
51.24
54.510000000000005
50.22
53.37
50.78
{0: 124, 1: 5000, 2: 531, 3: 4920, 4: 22, 5: 5000, 6: 337, 7: 5000, 8: 78, 9: 5000}
