Could not save font_manager cache [Errno 122] Disk quota exceeded
Target Class: 4, Other Classes in Session: [5]
Number of images to be poisoned: 250.0
___________________________________________________________________________________________

Files already downloaded and verified
Files already downloaded and verified
Part 1: Training Set Creation
Number of images in original train dataset: 50,000
Number of images per class in original train dataset:  0: 5,000  1: 5,000  2: 5,000  3: 5,000  4: 5,000  5: 5,000  6: 5,000  7: 5,000  8: 5,000  9: 5,000  
Number of images in the subset train dataset: 250
Number of images per class in the subset train dataset:  0: 0  1: 0  2: 0  3: 0  4: 0  5: 250  6: 0  7: 0  8: 0  9: 0  
Number of images in the original train dataset after creating the subset: 50000
Number of images in the poisoned subset train dataset: 250
Number of images per class in the poisoned subset train dataset:  0: 0  1: 0  2: 0  3: 0  4: 250  5: 0  6: 0  7: 0  8: 0  9: 0  
******************************************************************************************
Original poisoned images shape: torch.Size([250, 3, 32, 32])
Original poisoned labels shape: torch.Size([250])
Poisoned images shape after permuting and conversion: (250, 32, 32, 3)
Poisoned labels shape after conversion: (250,)
Original train_set data shape: (50000, 32, 32, 3)
Original train_set targets shape: 50000
New train_set data shape: (50250, 32, 32, 3)
New train_set targets shape: 50250
First item in new_train_set: (tensor([[[0.2314, 0.1686, 0.1961,  ..., 0.6196, 0.5961, 0.5804],
         [0.0627, 0.0000, 0.0706,  ..., 0.4824, 0.4667, 0.4784],
         [0.0980, 0.0627, 0.1922,  ..., 0.4627, 0.4706, 0.4275],
         ...,
         [0.8157, 0.7882, 0.7765,  ..., 0.6275, 0.2196, 0.2078],
         [0.7059, 0.6784, 0.7294,  ..., 0.7216, 0.3804, 0.3255],
         [0.6941, 0.6588, 0.7020,  ..., 0.8471, 0.5922, 0.4824]],

        [[0.2431, 0.1804, 0.1882,  ..., 0.5176, 0.4902, 0.4863],
         [0.0784, 0.0000, 0.0314,  ..., 0.3451, 0.3255, 0.3412],
         [0.0941, 0.0275, 0.1059,  ..., 0.3294, 0.3294, 0.2863],
         ...,
         [0.6667, 0.6000, 0.6314,  ..., 0.5216, 0.1216, 0.1333],
         [0.5451, 0.4824, 0.5647,  ..., 0.5804, 0.2431, 0.2078],
         [0.5647, 0.5059, 0.5569,  ..., 0.7216, 0.4627, 0.3608]],

        [[0.2471, 0.1765, 0.1686,  ..., 0.4235, 0.4000, 0.4039],
         [0.0784, 0.0000, 0.0000,  ..., 0.2157, 0.1961, 0.2235],
         [0.0824, 0.0000, 0.0314,  ..., 0.1961, 0.1961, 0.1647],
         ...,
         [0.3765, 0.1333, 0.1020,  ..., 0.2745, 0.0275, 0.0784],
         [0.3765, 0.1647, 0.1176,  ..., 0.3686, 0.1333, 0.1333],
         [0.4549, 0.3686, 0.3412,  ..., 0.5490, 0.3294, 0.2824]]]), tensor(6))
******************************************************************************************
Number of images in the new train dataset: 50,250
Number of images per class in the new train dataset:  0: 5,000  1: 5,000  2: 5,000  3: 5,000  4: 5,250  5: 5,000  6: 5,000  7: 5,000  8: 5,000  9: 5,000  
___________________________________________________________________________________________
Part 2: test Set Creation
Length of the test set: 10000
Number of images per class in the test set:
{0: 1000, 1: 1000, 2: 1000, 3: 1000, 4: 1000, 5: 1000, 6: 1000, 7: 1000, 8: 1000, 9: 1000}
Length of the original test set: 10000
Length of the poisoned test set: 10000
Number of images per class in the original test set: {0: 1000, 1: 1000, 2: 1000, 3: 1000, 4: 1000, 5: 1000, 6: 1000, 7: 1000, 8: 1000, 9: 1000}
Number of images per class in the poisoned test set: {0: 1000, 1: 1000, 2: 1000, 3: 1000, 4: 1000, 5: 1000, 6: 1000, 7: 1000, 8: 1000, 9: 1000}
___________________________________________________________________________________________
Datasets saved successfully.
CODE DONE
{'checkpoint': 'results/cifar100/meta2_cifar_T10_71', 'savepoint': 'models/cifar100/meta2_cifar_T10_71', 'data_path': '../Datasets/CIFAR100/', 'num_class': 10, 'class_per_task': 2, 'num_task': 5, 'test_samples_per_class': 100, 'dataset': 'cifar10poison', 'optimizer': 'radam', 'epochs': 70, 'lr': 0.01, 'train_batch': 128, 'test_batch': 100, 'workers': 16, 'sess': 0, 'schedule': [20, 40, 60], 'gamma': 0.2, 'random_classes': False, 'validation': 0, 'memory': 2000, 'mu': 1, 'beta': 1.0, 'r': 2}
  Total params: 1.23M 
Files already downloaded and verified
0
[2, 2, 2, 2, 2]
{'min_class': 0, 'max_class': 2, 'task': 0, 'max_task': 5, 'n_train_data': 10000, 'n_test_data': 10000}
{0: 10000}

Epoch: [1 | 70] LR: 0.010000 Sess: 0
/coe_data/AI_CL/iTAML_ATTAK/iTAML-master/radam.py:45: UserWarning: This overload of addcmul_ is deprecated:
	addcmul_(Number value, Tensor tensor1, Tensor tensor2)
Consider using one of the following signatures instead:
	addcmul_(Tensor tensor1, Tensor tensor2, *, Number value) (Triggered internally at  ../torch/csrc/utils/python_arg_parser.cpp:1055.)
  exp_avg_sq.mul_(beta2).addcmul_(1 - beta2, grad, grad)
46.059999999999995
{0: 4537, 1: 69}

Epoch: [2 | 70] LR: 0.010000 Sess: 0
47.19
{0: 4405, 1: 314}

Epoch: [3 | 70] LR: 0.010000 Sess: 0
53.769999999999996
{1: 4994, 0: 383}

Epoch: [4 | 70] LR: 0.010000 Sess: 0
50.77
{1: 5000, 0: 77}

Epoch: [5 | 70] LR: 0.010000 Sess: 0
65.51
{0: 1824, 1: 4727}

Epoch: [6 | 70] LR: 0.010000 Sess: 0
50.18
{1: 5000, 0: 18}

Epoch: [7 | 70] LR: 0.010000 Sess: 0
51.05
{1: 5000, 0: 105}

Epoch: [8 | 70] LR: 0.010000 Sess: 0
58.120000000000005
{0: 817, 1: 4995}

Epoch: [9 | 70] LR: 0.010000 Sess: 0
50.24
{1: 5000, 0: 24}

Epoch: [10 | 70] LR: 0.010000 Sess: 0
58.53
{0: 856, 1: 4997}

Epoch: [11 | 70] LR: 0.010000 Sess: 0
50.16
{1: 5000, 0: 16}

Epoch: [12 | 70] LR: 0.010000 Sess: 0
54.91
{0: 491, 1: 5000}

Epoch: [13 | 70] LR: 0.010000 Sess: 0
50.21
{1: 5000, 0: 21}

Epoch: [14 | 70] LR: 0.010000 Sess: 0
50.09
{1: 5000, 0: 9}

Epoch: [15 | 70] LR: 0.010000 Sess: 0
68.47999999999999
{0: 1969, 1: 4879}

Epoch: [16 | 70] LR: 0.010000 Sess: 0
70.07
{0: 4370, 1: 2637}

Epoch: [17 | 70] LR: 0.010000 Sess: 0
53.3
{0: 330, 1: 5000}

Epoch: [18 | 70] LR: 0.010000 Sess: 0
73.41
{0: 2727, 1: 4614}

Epoch: [19 | 70] LR: 0.010000 Sess: 0
64.53999999999999
{0: 1489, 1: 4965}

Epoch: [20 | 70] LR: 0.010000 Sess: 0
55.71
{1: 4990, 0: 581}

Epoch: [21 | 70] LR: 0.002000 Sess: 0
58.53
{0: 868, 1: 4985}

Epoch: [22 | 70] LR: 0.002000 Sess: 0
60.21
{1: 4979, 0: 1042}

Epoch: [23 | 70] LR: 0.002000 Sess: 0
61.05
{0: 1125, 1: 4980}

Epoch: [24 | 70] LR: 0.002000 Sess: 0
61.28
{1: 4974, 0: 1154}

Epoch: [25 | 70] LR: 0.002000 Sess: 0
61.33
{0: 1168, 1: 4965}

Epoch: [26 | 70] LR: 0.002000 Sess: 0
65.67
{1: 4919, 0: 1648}

Epoch: [27 | 70] LR: 0.002000 Sess: 0
64.1
{0: 1474, 1: 4936}

Epoch: [28 | 70] LR: 0.002000 Sess: 0
62.269999999999996
{0: 1261, 1: 4966}

Epoch: [29 | 70] LR: 0.002000 Sess: 0
62.39999999999999
{0: 1298, 1: 4942}

Epoch: [30 | 70] LR: 0.002000 Sess: 0
64.65
{0: 1520, 1: 4945}

Epoch: [31 | 70] LR: 0.002000 Sess: 0
64.13
{1: 4928, 0: 1485}

Epoch: [32 | 70] LR: 0.002000 Sess: 0
64.47
{0: 1504, 1: 4943}

Epoch: [33 | 70] LR: 0.002000 Sess: 0
64.3
{0: 1487, 1: 4943}

Epoch: [34 | 70] LR: 0.002000 Sess: 0
64.26
{0: 1480, 1: 4946}

Epoch: [35 | 70] LR: 0.002000 Sess: 0
63.83
{0: 1431, 1: 4952}

Epoch: [36 | 70] LR: 0.002000 Sess: 0
64.88
{0: 1558, 1: 4930}

Epoch: [37 | 70] LR: 0.002000 Sess: 0
64.34
{0: 1493, 1: 4941}

Epoch: [38 | 70] LR: 0.002000 Sess: 0
65.02
{0: 1572, 1: 4930}

Epoch: [39 | 70] LR: 0.002000 Sess: 0
66.84
{0: 1778, 1: 4906}

Epoch: [40 | 70] LR: 0.002000 Sess: 0
64.8
{1: 4928, 0: 1552}

Epoch: [41 | 70] LR: 0.000400 Sess: 0
65.52000000000001
{1: 4920, 0: 1632}

Epoch: [42 | 70] LR: 0.000400 Sess: 0
65.94
{0: 1680, 1: 4914}

Epoch: [43 | 70] LR: 0.000400 Sess: 0
64.31
{0: 1485, 1: 4946}

Epoch: [44 | 70] LR: 0.000400 Sess: 0
65.76
{0: 1642, 1: 4934}

Epoch: [45 | 70] LR: 0.000400 Sess: 0
63.93
{0: 1464, 1: 4929}

Epoch: [46 | 70] LR: 0.000400 Sess: 0
64.2
{0: 1499, 1: 4921}

Epoch: [47 | 70] LR: 0.000400 Sess: 0
62.6
{0: 1303, 1: 4957}

Epoch: [48 | 70] LR: 0.000400 Sess: 0
63.54
{1: 4960, 0: 1394}

Epoch: [49 | 70] LR: 0.000400 Sess: 0
64.96000000000001
{0: 1558, 1: 4938}

Epoch: [50 | 70] LR: 0.000400 Sess: 0
64.3
{0: 1476, 1: 4954}

Epoch: [51 | 70] LR: 0.000400 Sess: 0
63.07
{0: 1362, 1: 4945}

Epoch: [52 | 70] LR: 0.000400 Sess: 0
64.06
{0: 1451, 1: 4955}

Epoch: [53 | 70] LR: 0.000400 Sess: 0
64.88
{0: 1568, 1: 4920}

Epoch: [54 | 70] LR: 0.000400 Sess: 0
64.24
{0: 1480, 1: 4944}

Epoch: [55 | 70] LR: 0.000400 Sess: 0
64.78
{0: 1538, 1: 4940}

Epoch: [56 | 70] LR: 0.000400 Sess: 0
65.4
{0: 1617, 1: 4923}

Epoch: [57 | 70] LR: 0.000400 Sess: 0
64.28
{0: 1478, 1: 4950}

Epoch: [58 | 70] LR: 0.000400 Sess: 0
65.01
{0: 1556, 1: 4945}

Epoch: [59 | 70] LR: 0.000400 Sess: 0
63.75
{0: 1430, 1: 4945}

Epoch: [60 | 70] LR: 0.000400 Sess: 0
62.19
{1: 4962, 0: 1257}

Epoch: [61 | 70] LR: 0.000080 Sess: 0
63.96
{0: 1446, 1: 4950}

Epoch: [62 | 70] LR: 0.000080 Sess: 0
66.61
{0: 1733, 1: 4928}

Epoch: [63 | 70] LR: 0.000080 Sess: 0
65.56
{0: 1629, 1: 4927}

Epoch: [64 | 70] LR: 0.000080 Sess: 0
64.5
{1: 4941, 0: 1509}

Epoch: [65 | 70] LR: 0.000080 Sess: 0
64.63
{0: 1513, 1: 4950}

Epoch: [66 | 70] LR: 0.000080 Sess: 0
67.03
{0: 1790, 1: 4913}

Epoch: [67 | 70] LR: 0.000080 Sess: 0
64.56
{0: 1524, 1: 4932}

Epoch: [68 | 70] LR: 0.000080 Sess: 0
64.43
{0: 1508, 1: 4935}

Epoch: [69 | 70] LR: 0.000080 Sess: 0
61.67
{1: 4960, 0: 1207}

Epoch: [70 | 70] LR: 0.000080 Sess: 0
The PostScript backend does not support transparency; partially transparent artists will be rendered opaque.
66.15
{0: 1685, 1: 4930}
Best acc:
73.41
2000
Training meta tasks:	 0
65.51
{0: 1622, 1: 4929}
1
[2, 2, 2, 2, 2]
{'min_class': 2, 'max_class': 4, 'task': 1, 'max_task': 5, 'n_train_data': 12000, 'n_test_data': 20000}
{0: 10000, 1: 10000}

Epoch: [1 | 70] LR: 0.010000 Sess: 1
58.53
3.0
{1: 4811, 0: 1042, 2: 269, 3: 31}

Epoch: [2 | 70] LR: 0.010000 Sess: 1
52.519999999999996
2.9499999999999997
{1: 4977, 0: 275, 3: 282, 2: 13}

Epoch: [3 | 70] LR: 0.010000 Sess: 1
51.36
4.7299999999999995
{1: 4993, 0: 143, 2: 299, 3: 174}

Epoch: [4 | 70] LR: 0.010000 Sess: 1
51.089999999999996
1.82
{1: 4991, 0: 118, 2: 94, 3: 88}

Epoch: [5 | 70] LR: 0.010000 Sess: 1
50.17
2.14
{1: 4998, 0: 19, 2: 206, 3: 8}

Epoch: [6 | 70] LR: 0.010000 Sess: 1
62.480000000000004
24.68
{1: 2445, 0: 3803, 2: 299, 3: 2169}

Epoch: [7 | 70] LR: 0.010000 Sess: 1
51.43
3.13
{1: 4960, 0: 183, 3: 215, 2: 98}

Epoch: [8 | 70] LR: 0.010000 Sess: 1
50.370000000000005
0.6699999999999999
{1: 4998, 0: 39, 3: 34, 2: 33}

Epoch: [9 | 70] LR: 0.010000 Sess: 1
50.02
0.26
{1: 5000, 0: 2, 2: 24, 3: 2}

Epoch: [10 | 70] LR: 0.010000 Sess: 1
44.82
21.0
{0: 4413, 1: 69, 3: 2091, 2: 9}

Epoch: [11 | 70] LR: 0.010000 Sess: 1
53.06
12.999999999999998
{1: 4925, 0: 381, 3: 923, 2: 377}

Epoch: [12 | 70] LR: 0.010000 Sess: 1
51.65
22.560000000000002
{1: 4850, 0: 315, 3: 512, 2: 1744}

Epoch: [13 | 70] LR: 0.010000 Sess: 1
50.43
6.3100000000000005
{1: 4995, 0: 48, 3: 335, 2: 296}

Epoch: [14 | 70] LR: 0.010000 Sess: 1
50.39
18.12
{1: 4893, 0: 146, 3: 752, 2: 1060}

Epoch: [15 | 70] LR: 0.010000 Sess: 1
50.26
4.54
{1: 4977, 0: 49, 3: 21, 2: 433}

Epoch: [16 | 70] LR: 0.010000 Sess: 1
50.980000000000004
19.28
{1: 4885, 0: 213, 3: 1655, 2: 273}

Epoch: [17 | 70] LR: 0.010000 Sess: 1
50.540000000000006
4.83
{1: 4995, 0: 59, 3: 268, 2: 215}

Epoch: [18 | 70] LR: 0.010000 Sess: 1
50.45
11.65
{1: 4964, 0: 81, 2: 835, 3: 330}

Epoch: [19 | 70] LR: 0.010000 Sess: 1
50.339999999999996
18.21
{1: 4954, 0: 80, 3: 1089, 2: 732}

Epoch: [20 | 70] LR: 0.010000 Sess: 1
49.81
14.239999999999998
{1: 4946, 0: 35, 3: 1389, 2: 35}

Epoch: [21 | 70] LR: 0.002000 Sess: 1
50.31
29.019999999999996
{1: 4665, 0: 366, 3: 2385, 2: 517}

Epoch: [22 | 70] LR: 0.002000 Sess: 1
49.88
27.21
{1: 4817, 0: 171, 3: 2398, 2: 323}

Epoch: [23 | 70] LR: 0.002000 Sess: 1
50.4
21.770000000000003
{1: 4897, 0: 143, 3: 1836, 2: 341}

Epoch: [24 | 70] LR: 0.002000 Sess: 1
50.459999999999994
20.58
{1: 4930, 0: 116, 3: 1687, 2: 371}

Epoch: [25 | 70] LR: 0.002000 Sess: 1
50.02
18.62
{1: 4914, 0: 88, 3: 1527, 2: 335}

Epoch: [26 | 70] LR: 0.002000 Sess: 1
50.46999999999999
21.08
{1: 4906, 0: 141, 3: 1749, 2: 359}

Epoch: [27 | 70] LR: 0.002000 Sess: 1
50.16
17.240000000000002
{1: 4940, 0: 76, 3: 1457, 2: 267}

Epoch: [28 | 70] LR: 0.002000 Sess: 1
50.21
18.16
{1: 4923, 0: 98, 3: 1468, 2: 348}

Epoch: [29 | 70] LR: 0.002000 Sess: 1
50.309999999999995
17.66
{1: 4931, 0: 100, 3: 1385, 2: 381}

Epoch: [30 | 70] LR: 0.002000 Sess: 1
50.14
18.769999999999996
{1: 4925, 0: 89, 3: 1551, 2: 326}

Epoch: [31 | 70] LR: 0.002000 Sess: 1
50.269999999999996
16.939999999999998
{1: 4944, 0: 83, 3: 1328, 2: 366}

Epoch: [32 | 70] LR: 0.002000 Sess: 1
50.09
21.49
{1: 4903, 0: 106, 3: 1731, 2: 418}

Epoch: [33 | 70] LR: 0.002000 Sess: 1
50.050000000000004
19.6
{1: 4903, 0: 102, 3: 1564, 2: 396}

Epoch: [34 | 70] LR: 0.002000 Sess: 1
50.33
25.569999999999997
{1: 4879, 0: 154, 3: 2135, 2: 422}

Epoch: [35 | 70] LR: 0.002000 Sess: 1
50.160000000000004
22.84
{1: 4902, 0: 114, 3: 1813, 2: 471}

Epoch: [36 | 70] LR: 0.002000 Sess: 1
50.43000000000001
19.04
{1: 4934, 0: 109, 3: 1405, 2: 499}

Epoch: [37 | 70] LR: 0.002000 Sess: 1
50.089999999999996
20.639999999999997
{1: 4908, 0: 101, 3: 1669, 2: 395}

Epoch: [38 | 70] LR: 0.002000 Sess: 1
49.96
24.07
{1: 4871, 0: 125, 3: 1978, 2: 429}

Epoch: [39 | 70] LR: 0.002000 Sess: 1
49.900000000000006
20.2
{1: 4884, 0: 106, 3: 1765, 2: 255}

Epoch: [40 | 70] LR: 0.002000 Sess: 1
50.28
21.92
{1: 4886, 0: 142, 3: 1784, 2: 408}

Epoch: [41 | 70] LR: 0.000400 Sess: 1
49.949999999999996
21.549999999999997
{1: 4865, 0: 130, 3: 1828, 2: 327}

Epoch: [42 | 70] LR: 0.000400 Sess: 1
50.0
20.86
{1: 4874, 0: 126, 3: 1702, 2: 384}

Epoch: [43 | 70] LR: 0.000400 Sess: 1
50.35
21.61
{1: 4872, 0: 163, 3: 1700, 2: 461}

Epoch: [44 | 70] LR: 0.000400 Sess: 1
41.690000000000005
43.79
{1: 3481, 0: 688, 3: 3866, 2: 513}

Epoch: [45 | 70] LR: 0.000400 Sess: 1
43.879999999999995
39.62
{1: 3901, 0: 487, 3: 3561, 2: 401}

Epoch: [46 | 70] LR: 0.000400 Sess: 1
45.4
39.599999999999994
{1: 4083, 0: 457, 3: 3483, 2: 477}

Epoch: [47 | 70] LR: 0.000400 Sess: 1
45.93000000000001
39.230000000000004
{1: 4055, 0: 538, 3: 3413, 2: 510}

Epoch: [48 | 70] LR: 0.000400 Sess: 1
45.71
40.08
{1: 4115, 0: 456, 3: 3482, 2: 526}

Epoch: [49 | 70] LR: 0.000400 Sess: 1
46.07999999999999
37.949999999999996
{1: 4196, 0: 412, 2: 461, 3: 3334}

Epoch: [50 | 70] LR: 0.000400 Sess: 1
46.540000000000006
38.5
{1: 4202, 0: 452, 3: 3339, 2: 511}

Epoch: [51 | 70] LR: 0.000400 Sess: 1
46.58
37.800000000000004
{1: 4222, 0: 436, 3: 3306, 2: 474}

Epoch: [52 | 70] LR: 0.000400 Sess: 1
48.059999999999995
38.25
{1: 4326, 0: 480, 2: 644, 3: 3181}

Epoch: [53 | 70] LR: 0.000400 Sess: 1
46.85999999999999
38.68
{1: 4196, 0: 490, 3: 3287, 2: 581}

Epoch: [54 | 70] LR: 0.000400 Sess: 1
47.3
39.31
{1: 4211, 0: 519, 3: 3308, 2: 623}

Epoch: [55 | 70] LR: 0.000400 Sess: 1
46.89
39.62
{1: 4230, 0: 459, 3: 3347, 2: 615}

Epoch: [56 | 70] LR: 0.000400 Sess: 1
47.77
37.8
{1: 4277, 0: 500, 3: 3226, 2: 554}

Epoch: [57 | 70] LR: 0.000400 Sess: 1
47.24
37.46
{1: 4299, 0: 425, 3: 3164, 2: 582}

Epoch: [58 | 70] LR: 0.000400 Sess: 1
48.47
35.73
{1: 4424, 0: 423, 3: 3010, 2: 563}

Epoch: [59 | 70] LR: 0.000400 Sess: 1
47.629999999999995
36.91
{1: 4326, 0: 437, 3: 3111, 2: 580}

Epoch: [60 | 70] LR: 0.000400 Sess: 1
48.41
34.14
{1: 4463, 0: 378, 3: 2821, 2: 593}

Epoch: [61 | 70] LR: 0.000080 Sess: 1
48.849999999999994
36.01
{1: 4416, 0: 469, 3: 2966, 2: 635}

Epoch: [62 | 70] LR: 0.000080 Sess: 1
47.57
36.879999999999995
{1: 4307, 0: 450, 3: 3112, 2: 576}

Epoch: [63 | 70] LR: 0.000080 Sess: 1
48.1
36.8
{1: 4364, 0: 446, 3: 3061, 2: 619}

Epoch: [64 | 70] LR: 0.000080 Sess: 1
47.68
35.32
{1: 4390, 0: 378, 3: 2951, 2: 581}

Epoch: [65 | 70] LR: 0.000080 Sess: 1
48.49
35.43000000000001
{1: 4429, 0: 420, 3: 2891, 2: 652}

Epoch: [66 | 70] LR: 0.000080 Sess: 1
48.84
35.050000000000004
{1: 4467, 0: 417, 3: 2892, 2: 613}

Epoch: [67 | 70] LR: 0.000080 Sess: 1
48.54
35.52
{1: 4424, 0: 430, 3: 2901, 2: 651}

Epoch: [68 | 70] LR: 0.000080 Sess: 1
48.12
33.709999999999994
{1: 4448, 0: 364, 3: 2778, 2: 593}

Epoch: [69 | 70] LR: 0.000080 Sess: 1
49.19
35.47
{1: 4525, 0: 394, 3: 2837, 2: 710}

Epoch: [70 | 70] LR: 0.000080 Sess: 1
The PostScript backend does not support transparency; partially transparent artists will be rendered opaque.
48.35999999999999
36.14
{1: 4392, 0: 444, 3: 3054, 2: 560}
Best acc:
43.58
2000
Training meta tasks:	 0
Training meta tasks:	 1
62.269999999999996
60.83
{0: 1233, 1: 4994, 2: 1198, 3: 4885}
2
[2, 2, 2, 2, 2]
{'min_class': 4, 'max_class': 6, 'task': 2, 'max_task': 5, 'n_train_data': 12250, 'n_test_data': 30000}
{0: 10000, 1: 10000, 2: 10000}

Epoch: [1 | 70] LR: 0.010000 Sess: 2
51.379999999999995
26.49
0.3
{1: 4723, 0: 415, 3: 2035, 2: 614, 4: 30}

Epoch: [2 | 70] LR: 0.010000 Sess: 2
57.81
31.11
1.32
{1: 4153, 0: 1628, 2: 1749, 3: 1362, 4: 94, 5: 38}

Epoch: [3 | 70] LR: 0.010000 Sess: 2
51.5
12.86
0.9099999999999999
{1: 4920, 0: 230, 3: 566, 2: 720, 5: 81, 4: 10}

Epoch: [4 | 70] LR: 0.010000 Sess: 2
48.63999999999999
18.05
0.22999999999999998
{1: 4831, 0: 33, 3: 1786, 2: 19, 5: 21, 4: 2}

Epoch: [5 | 70] LR: 0.010000 Sess: 2
26.18
44.86
0.07
{1: 2564, 0: 54, 3: 4466, 2: 20, 5: 2, 4: 5}

Epoch: [6 | 70] LR: 0.010000 Sess: 2
49.54
18.41
2.04
{1: 4876, 0: 78, 2: 1182, 3: 659, 4: 184, 5: 20}

Epoch: [7 | 70] LR: 0.010000 Sess: 2
50.31
2.5300000000000002
0.18
{1: 4993, 0: 38, 3: 177, 2: 76, 5: 18}

Epoch: [8 | 70] LR: 0.010000 Sess: 2
50.61000000000001
9.479999999999999
0.81
{1: 4983, 0: 78, 3: 682, 2: 266, 5: 41, 4: 40}

Epoch: [9 | 70] LR: 0.010000 Sess: 2
14.330000000000002
47.88
0.65
{1: 826, 0: 607, 3: 4787, 2: 1, 4: 50, 5: 15}

Epoch: [10 | 70] LR: 0.010000 Sess: 2
49.87
3.79
0.060000000000000005
{1: 4980, 0: 7, 3: 374, 2: 5, 4: 5, 5: 1}

Epoch: [11 | 70] LR: 0.010000 Sess: 2
42.269999999999996
20.630000000000003
3.3600000000000003
{1: 4104, 0: 123, 3: 1921, 2: 142, 4: 333, 5: 3}

Epoch: [12 | 70] LR: 0.010000 Sess: 2
44.59
21.96
1.3299999999999998
{1: 4349, 0: 110, 3: 2174, 2: 22, 4: 115, 5: 18}

Epoch: [13 | 70] LR: 0.010000 Sess: 2
49.220000000000006
15.3
12.39
{1: 4534, 0: 388, 3: 843, 2: 687, 4: 147, 5: 1092}

Epoch: [14 | 70] LR: 0.010000 Sess: 2
48.78
13.489999999999998
5.170000000000001
{1: 4746, 0: 132, 3: 1251, 2: 98, 5: 476, 4: 41}

Epoch: [15 | 70] LR: 0.010000 Sess: 2
49.18
14.52
10.08
{1: 4711, 0: 207, 3: 1098, 2: 354, 5: 894, 4: 114}

Epoch: [16 | 70] LR: 0.010000 Sess: 2
21.25
37.14
0.44999999999999996
{1: 2119, 0: 6, 3: 3714, 4: 45}

Epoch: [17 | 70] LR: 0.010000 Sess: 2
50.370000000000005
0.55
0.26
{1: 4999, 0: 38, 2: 49, 3: 6, 5: 25, 4: 1}

Epoch: [18 | 70] LR: 0.010000 Sess: 2
48.809999999999995
22.51
14.069999999999999
{1: 4159, 0: 722, 2: 2174, 3: 77, 4: 484, 5: 923}

Epoch: [19 | 70] LR: 0.010000 Sess: 2
49.59
10.879999999999999
5.459999999999999
{1: 4922, 0: 37, 2: 1064, 3: 24, 5: 469, 4: 77}

Epoch: [20 | 70] LR: 0.010000 Sess: 2
50.059999999999995
7.85
3.8099999999999996
{1: 4919, 0: 87, 3: 616, 2: 169, 5: 278, 4: 103}

Epoch: [21 | 70] LR: 0.002000 Sess: 2
49.91
5.17
4.78
{1: 4942, 0: 49, 3: 308, 2: 209, 5: 400, 4: 78}

Epoch: [22 | 70] LR: 0.002000 Sess: 2
50.21
8.0
7.27
{1: 4888, 0: 133, 3: 410, 2: 390, 4: 248, 5: 479}

Epoch: [23 | 70] LR: 0.002000 Sess: 2
49.78
7.289999999999999
9.860000000000001
{1: 4889, 0: 89, 2: 387, 3: 342, 4: 219, 5: 767}

Epoch: [24 | 70] LR: 0.002000 Sess: 2
49.86000000000001
7.47
10.32
{1: 4877, 0: 109, 2: 305, 3: 442, 4: 229, 5: 803}

Epoch: [25 | 70] LR: 0.002000 Sess: 2
49.75000000000001
8.11
8.92
{1: 4848, 0: 127, 3: 540, 2: 271, 4: 244, 5: 648}

Epoch: [26 | 70] LR: 0.002000 Sess: 2
49.61
7.390000000000001
11.259999999999998
{1: 4842, 0: 119, 2: 244, 3: 495, 5: 957, 4: 169}

Epoch: [27 | 70] LR: 0.002000 Sess: 2
49.94
5.83
11.219999999999999
{1: 4904, 0: 90, 2: 275, 3: 308, 5: 909, 4: 213}

Epoch: [28 | 70] LR: 0.002000 Sess: 2
50.48
8.55
15.25
{1: 4818, 0: 230, 2: 371, 3: 484, 5: 1056, 4: 469}

Epoch: [29 | 70] LR: 0.002000 Sess: 2
49.949999999999996
9.13
12.79
{1: 4809, 0: 186, 2: 210, 3: 703, 4: 321, 5: 958}

Epoch: [30 | 70] LR: 0.002000 Sess: 2
49.620000000000005
12.22
14.260000000000002
{1: 4728, 0: 234, 3: 971, 2: 251, 5: 897, 4: 529}

Epoch: [31 | 70] LR: 0.002000 Sess: 2
48.32
8.27
20.99
{1: 4671, 0: 161, 3: 586, 2: 241, 5: 1865, 4: 234}

Epoch: [32 | 70] LR: 0.002000 Sess: 2
50.67
5.74
12.970000000000002
{1: 4857, 0: 210, 2: 322, 3: 252, 5: 887, 4: 410}

Epoch: [33 | 70] LR: 0.002000 Sess: 2
49.79
8.059999999999999
15.25
{1: 4705, 0: 274, 2: 547, 3: 259, 4: 720, 5: 805}

Epoch: [34 | 70] LR: 0.002000 Sess: 2
50.92
7.73
16.3
{1: 4732, 0: 360, 2: 358, 3: 415, 4: 536, 5: 1094}

Epoch: [35 | 70] LR: 0.002000 Sess: 2
50.870000000000005
7.6
13.16
{1: 4803, 0: 284, 2: 431, 3: 329, 4: 455, 5: 861}

Epoch: [36 | 70] LR: 0.002000 Sess: 2
50.85
7.859999999999999
15.09
{1: 4721, 0: 364, 2: 286, 3: 500, 5: 1038, 4: 471}

Epoch: [37 | 70] LR: 0.002000 Sess: 2
50.800000000000004
6.8
14.73
{1: 4767, 0: 313, 3: 464, 2: 216, 5: 1185, 4: 288}

Epoch: [38 | 70] LR: 0.002000 Sess: 2
51.12
10.25
15.95
{1: 4612, 0: 500, 3: 633, 2: 392, 4: 890, 5: 705}

Epoch: [39 | 70] LR: 0.002000 Sess: 2
43.77
8.540000000000001
31.09
{1: 4210, 0: 167, 2: 792, 3: 62, 5: 3023, 4: 86}

Epoch: [40 | 70] LR: 0.002000 Sess: 2
46.71
7.6899999999999995
24.970000000000002
{1: 4370, 0: 301, 3: 483, 2: 286, 4: 194, 5: 2303}

Epoch: [41 | 70] LR: 0.000400 Sess: 2
50.010000000000005
9.34
18.830000000000002
{1: 4677, 0: 324, 3: 598, 2: 336, 5: 1529, 4: 354}

Epoch: [42 | 70] LR: 0.000400 Sess: 2
49.739999999999995
10.68
18.41
{1: 4644, 0: 330, 3: 774, 2: 294, 4: 410, 5: 1431}

Epoch: [43 | 70] LR: 0.000400 Sess: 2
49.309999999999995
8.74
19.790000000000003
{1: 4624, 0: 307, 3: 581, 2: 293, 4: 319, 5: 1660}

Epoch: [44 | 70] LR: 0.000400 Sess: 2
49.54
9.73
20.49
{1: 4648, 0: 306, 3: 687, 2: 286, 5: 1684, 4: 365}

Epoch: [45 | 70] LR: 0.000400 Sess: 2
49.86000000000001
7.91
17.17
{1: 4741, 0: 245, 3: 492, 2: 299, 4: 303, 5: 1414}

Epoch: [46 | 70] LR: 0.000400 Sess: 2
50.17
7.5
16.7
{1: 4762, 0: 255, 2: 313, 3: 437, 5: 1349, 4: 321}

Epoch: [47 | 70] LR: 0.000400 Sess: 2
49.81
7.8999999999999995
16.25
{1: 4752, 0: 229, 3: 547, 2: 243, 5: 1350, 4: 275}

Epoch: [48 | 70] LR: 0.000400 Sess: 2
49.65
8.719999999999999
18.229999999999997
{1: 4684, 0: 281, 2: 255, 3: 617, 4: 325, 5: 1498}

Epoch: [49 | 70] LR: 0.000400 Sess: 2
49.68
8.12
17.48
{1: 4682, 0: 286, 3: 352, 2: 460, 4: 418, 5: 1330}

Epoch: [50 | 70] LR: 0.000400 Sess: 2
50.07
8.23
18.84
{1: 4670, 0: 337, 2: 360, 3: 463, 4: 431, 5: 1453}

Epoch: [51 | 70] LR: 0.000400 Sess: 2
49.47
9.299999999999999
18.119999999999997
{1: 4598, 0: 349, 3: 754, 2: 176, 4: 343, 5: 1469}

Epoch: [52 | 70] LR: 0.000400 Sess: 2
49.989999999999995
9.080000000000002
19.76
{1: 4609, 0: 390, 3: 580, 2: 328, 5: 1516, 4: 460}

Epoch: [53 | 70] LR: 0.000400 Sess: 2
50.06
8.92
16.76
{1: 4697, 0: 309, 3: 668, 2: 224, 4: 436, 5: 1240}

Epoch: [54 | 70] LR: 0.000400 Sess: 2
49.760000000000005
8.03
17.81
{1: 4666, 0: 310, 2: 259, 3: 544, 4: 412, 5: 1369}

Epoch: [55 | 70] LR: 0.000400 Sess: 2
50.25
8.6
17.26
{1: 4719, 0: 306, 3: 554, 2: 306, 4: 545, 5: 1181}

Epoch: [56 | 70] LR: 0.000400 Sess: 2
49.980000000000004
8.73
17.81
{1: 4682, 0: 316, 3: 617, 2: 256, 5: 1397, 4: 384}

Epoch: [57 | 70] LR: 0.000400 Sess: 2
49.79
9.26
16.69
{1: 4697, 0: 282, 3: 697, 2: 229, 5: 1181, 4: 488}

Epoch: [58 | 70] LR: 0.000400 Sess: 2
50.25
9.26
18.89
{1: 4693, 0: 332, 3: 645, 2: 281, 4: 489, 5: 1400}

Epoch: [59 | 70] LR: 0.000400 Sess: 2
50.66
8.780000000000001
15.499999999999998
{1: 4755, 0: 311, 3: 646, 2: 232, 5: 972, 4: 578}

Epoch: [60 | 70] LR: 0.000400 Sess: 2
50.12
6.41
15.95
{1: 4747, 0: 265, 2: 203, 3: 438, 4: 377, 5: 1218}

Epoch: [61 | 70] LR: 0.000080 Sess: 2
50.06
7.77
17.740000000000002
{1: 4690, 0: 316, 3: 544, 2: 233, 4: 411, 5: 1363}

Epoch: [62 | 70] LR: 0.000080 Sess: 2
49.68
8.219999999999999
15.59
{1: 4681, 0: 287, 2: 230, 3: 592, 5: 1129, 4: 430}

Epoch: [63 | 70] LR: 0.000080 Sess: 2
50.019999999999996
7.890000000000001
16.91
{1: 4686, 0: 316, 3: 554, 2: 235, 4: 411, 5: 1280}

Epoch: [64 | 70] LR: 0.000080 Sess: 2
49.98
9.22
17.2
{1: 4659, 0: 339, 2: 215, 3: 707, 5: 1286, 4: 434}

Epoch: [65 | 70] LR: 0.000080 Sess: 2
50.309999999999995
7.92
16.759999999999998
{1: 4733, 0: 298, 3: 535, 2: 257, 4: 380, 5: 1296}

Epoch: [66 | 70] LR: 0.000080 Sess: 2
49.78
8.57
16.29
{1: 4670, 0: 308, 2: 265, 3: 592, 4: 549, 5: 1080}

Epoch: [67 | 70] LR: 0.000080 Sess: 2
49.71
8.709999999999999
18.09
{1: 4651, 0: 320, 2: 264, 3: 607, 4: 390, 5: 1419}

Epoch: [68 | 70] LR: 0.000080 Sess: 2
50.37
9.27
17.009999999999998
{1: 4662, 0: 375, 3: 720, 2: 207, 5: 1224, 4: 477}

Epoch: [69 | 70] LR: 0.000080 Sess: 2
50.51
10.16
18.91
{1: 4628, 0: 423, 2: 260, 3: 756, 4: 580, 5: 1311}

Epoch: [70 | 70] LR: 0.000080 Sess: 2
The PostScript backend does not support transparency; partially transparent artists will be rendered opaque.
50.47
8.62
17.830000000000002
{1: 4705, 0: 342, 3: 561, 2: 301, 5: 1302, 4: 481}
Best acc:
30.08
1998
Training meta tasks:	 0
Training meta tasks:	 1
Training meta tasks:	 2
65.02
63.14
60.76
{0: 1528, 1: 4974, 2: 1758, 3: 4556, 4: 1469, 5: 4607}
3
[2, 2, 2, 2, 2]
{'min_class': 6, 'max_class': 8, 'task': 3, 'max_task': 5, 'n_train_data': 11998, 'n_test_data': 40000}
{0: 10000, 1: 10000, 2: 10000, 3: 10000}

Epoch: [1 | 70] LR: 0.010000 Sess: 3
47.86
10.89
14.969999999999999
2.42
{1: 4319, 0: 467, 2: 601, 3: 488, 5: 678, 4: 819, 7: 242}

Epoch: [2 | 70] LR: 0.010000 Sess: 3
48.769999999999996
5.2
7.790000000000001
4.569999999999999
{1: 4736, 0: 141, 2: 151, 3: 369, 4: 694, 5: 85, 7: 457}

Epoch: [3 | 70] LR: 0.010000 Sess: 3
48.410000000000004
3.07
6.209999999999999
13.79
{1: 4701, 0: 140, 2: 127, 3: 180, 4: 215, 5: 406, 7: 1379}

Epoch: [4 | 70] LR: 0.010000 Sess: 3
43.97
10.239999999999998
3.63
21.64
{1: 4343, 0: 54, 3: 972, 2: 52, 5: 269, 4: 94, 7: 2164}

Epoch: [5 | 70] LR: 0.010000 Sess: 3
44.39
10.78
5.720000000000001
11.98
{1: 4380, 0: 59, 3: 1011, 2: 67, 4: 245, 5: 327, 7: 1198}

Epoch: [6 | 70] LR: 0.010000 Sess: 3
44.95
3.6100000000000003
12.059999999999999
13.33
{1: 4409, 0: 86, 2: 93, 3: 268, 5: 1202, 4: 4, 7: 1333}

Epoch: [7 | 70] LR: 0.010000 Sess: 3
31.219999999999995
3.8
37.89
2.08
{1: 3107, 0: 15, 3: 368, 2: 12, 5: 3789, 7: 208}

Epoch: [8 | 70] LR: 0.010000 Sess: 3
36.11
24.54
7.54
13.819999999999999
{1: 3558, 0: 53, 3: 2432, 2: 22, 5: 753, 4: 1, 7: 1382}

Epoch: [9 | 70] LR: 0.010000 Sess: 3
46.32
12.700000000000001
13.53
2.73
{1: 4621, 0: 11, 3: 1254, 2: 16, 5: 1350, 4: 3, 7: 271, 6: 2}

Epoch: [10 | 70] LR: 0.010000 Sess: 3
43.29
2.3899999999999997
6.749999999999999
27.88
{1: 4313, 0: 16, 2: 55, 3: 184, 5: 624, 4: 51, 7: 2788}

Epoch: [11 | 70] LR: 0.010000 Sess: 3
49.27
2.9
9.41
3.9800000000000004
{1: 4921, 0: 6, 3: 260, 2: 30, 5: 940, 4: 1, 7: 398}

Epoch: [12 | 70] LR: 0.010000 Sess: 3
44.51
3.0599999999999996
9.309999999999999
8.819999999999999
{1: 4436, 0: 15, 2: 211, 3: 95, 5: 927, 4: 4, 7: 880, 6: 2}

Epoch: [13 | 70] LR: 0.010000 Sess: 3
42.87
19.89
0.8300000000000001
1.2
{1: 4281, 0: 6, 3: 1989, 5: 82, 4: 1, 7: 120}

Epoch: [14 | 70] LR: 0.010000 Sess: 3
29.48
21.85
15.250000000000002
23.79
{1: 2686, 0: 262, 3: 2164, 2: 21, 5: 1433, 4: 92, 7: 2367, 6: 12}

Epoch: [15 | 70] LR: 0.010000 Sess: 3
39.96
5.930000000000001
22.209999999999997
20.990000000000002
{1: 3859, 0: 137, 3: 505, 2: 88, 5: 2213, 4: 8, 7: 2089, 6: 10}

Epoch: [16 | 70] LR: 0.010000 Sess: 3
38.63
7.1499999999999995
13.110000000000001
20.599999999999998
{1: 3814, 0: 49, 3: 696, 2: 19, 5: 1298, 4: 13, 7: 2031, 6: 29}

Epoch: [17 | 70] LR: 0.010000 Sess: 3
23.51
10.709999999999999
35.07
13.51
{1: 2091, 0: 260, 3: 1034, 2: 37, 5: 3490, 4: 17, 7: 1245, 6: 106}

Epoch: [18 | 70] LR: 0.010000 Sess: 3
31.189999999999998
25.98
9.52
16.87
{1: 3061, 0: 58, 3: 2594, 2: 4, 5: 950, 4: 2, 7: 1665, 6: 22}

Epoch: [19 | 70] LR: 0.010000 Sess: 3
40.33
3.57
23.089999999999996
20.740000000000002
{1: 3892, 0: 141, 3: 85, 2: 272, 5: 2294, 4: 15, 7: 1882, 6: 192}

Epoch: [20 | 70] LR: 0.010000 Sess: 3
43.57
9.32
12.43
13.03
{1: 4315, 0: 42, 3: 913, 2: 19, 5: 1238, 4: 5, 7: 1296, 6: 7}

Epoch: [21 | 70] LR: 0.002000 Sess: 3
43.69
12.649999999999999
10.52
11.73
{1: 4332, 0: 37, 3: 1256, 2: 9, 5: 1046, 4: 6, 7: 1167, 6: 6}

Epoch: [22 | 70] LR: 0.002000 Sess: 3
40.02
12.82
14.520000000000001
17.21
{1: 3966, 0: 36, 3: 1272, 2: 10, 5: 1451, 4: 1, 7: 1713, 6: 8}

Epoch: [23 | 70] LR: 0.002000 Sess: 3
39.22
15.87
15.53
14.63
{1: 3876, 0: 46, 3: 1583, 2: 4, 5: 1550, 4: 3, 7: 1453, 6: 10}

Epoch: [24 | 70] LR: 0.002000 Sess: 3
42.34
10.93
11.129999999999999
17.360000000000003
{1: 4207, 0: 27, 3: 1084, 2: 9, 5: 1110, 4: 3, 7: 1719, 6: 17}

Epoch: [25 | 70] LR: 0.002000 Sess: 3
36.96
9.590000000000002
15.889999999999999
24.48
{1: 3671, 0: 25, 3: 937, 2: 22, 5: 1585, 4: 4, 7: 2422, 6: 26}

Epoch: [26 | 70] LR: 0.002000 Sess: 3
34.0
15.59
14.98
24.66
{1: 3353, 0: 47, 3: 1540, 2: 19, 5: 1496, 4: 2, 7: 2446, 6: 20}

Epoch: [27 | 70] LR: 0.002000 Sess: 3
32.75
15.61
13.679999999999998
26.140000000000004
{1: 3241, 0: 34, 3: 1552, 2: 9, 5: 1364, 4: 4, 7: 2584, 6: 30}

Epoch: [28 | 70] LR: 0.002000 Sess: 3
31.7
17.19
16.43
24.630000000000003
{1: 3126, 0: 44, 3: 1703, 2: 16, 5: 1638, 4: 5, 7: 2431, 6: 32}

Epoch: [29 | 70] LR: 0.002000 Sess: 3
31.490000000000002
16.41
10.440000000000001
30.400000000000002
{1: 3119, 0: 30, 3: 1632, 2: 9, 5: 1038, 4: 6, 7: 3019, 6: 21}

Epoch: [30 | 70] LR: 0.002000 Sess: 3
33.61
13.739999999999998
16.76
26.29
{1: 3323, 0: 38, 3: 1357, 2: 17, 5: 1671, 4: 5, 7: 2597, 6: 32}

Epoch: [31 | 70] LR: 0.002000 Sess: 3
34.629999999999995
13.24
11.1
30.939999999999998
{1: 3434, 0: 29, 3: 1300, 2: 24, 5: 1106, 4: 4, 7: 3056, 6: 38}

Epoch: [32 | 70] LR: 0.002000 Sess: 3
30.269999999999996
12.5
14.12
32.14
{1: 2996, 0: 31, 3: 1231, 2: 19, 5: 1409, 4: 3, 7: 3197, 6: 17}

Epoch: [33 | 70] LR: 0.002000 Sess: 3
25.84
12.81
22.07
30.06
{1: 2553, 0: 31, 3: 1264, 2: 17, 5: 2205, 4: 2, 7: 2948, 6: 58}

Epoch: [34 | 70] LR: 0.002000 Sess: 3
28.139999999999997
7.48
19.89
32.53
{1: 2778, 0: 36, 3: 728, 2: 20, 5: 1984, 4: 5, 7: 3231, 6: 22}

Epoch: [35 | 70] LR: 0.002000 Sess: 3
26.95
11.129999999999999
21.48
29.56
{1: 2650, 0: 45, 3: 1104, 2: 9, 5: 2141, 4: 7, 7: 2895, 6: 61}

Epoch: [36 | 70] LR: 0.002000 Sess: 3
25.150000000000002
7.91
21.56
33.1
{1: 2467, 0: 48, 3: 775, 2: 16, 5: 2152, 4: 4, 7: 3258, 6: 52}

Epoch: [37 | 70] LR: 0.002000 Sess: 3
21.79
16.11
13.049999999999999
36.18
{1: 2140, 0: 39, 3: 1593, 2: 18, 5: 1303, 4: 2, 7: 3547, 6: 71}

Epoch: [38 | 70] LR: 0.002000 Sess: 3
26.79
10.850000000000001
14.21
36.410000000000004
{1: 2621, 0: 58, 3: 1062, 2: 23, 5: 1416, 4: 5, 7: 3535, 6: 106}

Epoch: [39 | 70] LR: 0.002000 Sess: 3
21.92
26.41
12.749999999999998
25.65
{1: 2126, 0: 66, 3: 2639, 2: 2, 5: 1266, 4: 9, 7: 2491, 6: 74}

Epoch: [40 | 70] LR: 0.002000 Sess: 3
27.8
12.049999999999999
13.03
34.56
{1: 2741, 0: 39, 3: 1186, 2: 19, 5: 1301, 4: 2, 7: 3386, 6: 70}

Epoch: [41 | 70] LR: 0.000400 Sess: 3
24.849999999999998
10.930000000000001
16.93
34.95
{1: 2445, 0: 40, 3: 1080, 2: 13, 5: 1691, 4: 2, 7: 3451, 6: 44}

Epoch: [42 | 70] LR: 0.000400 Sess: 3
25.71
10.17
14.52
35.53000000000001
{1: 2534, 0: 37, 3: 1003, 2: 14, 5: 1447, 4: 5, 7: 3501, 6: 52}

Epoch: [43 | 70] LR: 0.000400 Sess: 3
27.32
10.409999999999998
10.57
37.900000000000006
{1: 2705, 0: 27, 3: 1021, 2: 20, 5: 1047, 4: 10, 7: 3756, 6: 34}

Epoch: [44 | 70] LR: 0.000400 Sess: 3
26.01
8.2
12.15
38.28
{1: 2574, 0: 27, 3: 803, 2: 17, 5: 1210, 4: 5, 7: 3785, 6: 43}

Epoch: [45 | 70] LR: 0.000400 Sess: 3
26.939999999999998
11.149999999999999
11.309999999999999
36.83
{1: 2653, 0: 41, 3: 1095, 2: 20, 5: 1119, 4: 12, 7: 3642, 6: 41}

Epoch: [46 | 70] LR: 0.000400 Sess: 3
28.04
12.06
13.98
34.22
{1: 2768, 0: 36, 3: 1179, 2: 27, 5: 1391, 4: 7, 7: 3357, 6: 65}

Epoch: [47 | 70] LR: 0.000400 Sess: 3
26.96
11.510000000000002
15.840000000000002
34.39
{1: 2657, 0: 39, 3: 1136, 2: 15, 5: 1577, 4: 7, 7: 3378, 6: 61}

Epoch: [48 | 70] LR: 0.000400 Sess: 3
26.71
8.36
14.520000000000001
36.72
{1: 2614, 0: 57, 3: 795, 2: 41, 5: 1439, 4: 13, 7: 3607, 6: 65}

Epoch: [49 | 70] LR: 0.000400 Sess: 3
26.129999999999995
9.15
16.419999999999998
36.239999999999995
{1: 2573, 0: 40, 3: 889, 2: 26, 5: 1633, 4: 9, 7: 3555, 6: 69}

Epoch: [50 | 70] LR: 0.000400 Sess: 3
28.979999999999997
11.559999999999999
13.74
33.72
{1: 2860, 0: 38, 2: 27, 3: 1129, 5: 1366, 4: 8, 7: 3268, 6: 104}

Epoch: [51 | 70] LR: 0.000400 Sess: 3
25.04
10.56
18.74
33.34
{1: 2454, 0: 50, 3: 1034, 2: 22, 5: 1870, 4: 4, 7: 3250, 6: 84}

Epoch: [52 | 70] LR: 0.000400 Sess: 3
27.4
12.32
17.590000000000003
32.36
{1: 2688, 0: 52, 3: 1207, 2: 25, 5: 1756, 4: 3, 7: 3134, 6: 102}

Epoch: [53 | 70] LR: 0.000400 Sess: 3
22.38
12.28
19.89
33.85
{1: 2196, 0: 42, 3: 1201, 2: 27, 5: 1986, 4: 3, 7: 3260, 6: 125}

Epoch: [54 | 70] LR: 0.000400 Sess: 3
22.63
10.940000000000001
16.470000000000002
36.260000000000005
{1: 2227, 0: 36, 3: 1071, 2: 23, 5: 1640, 4: 7, 7: 3562, 6: 64}

Epoch: [55 | 70] LR: 0.000400 Sess: 3
26.389999999999997
13.800000000000002
16.570000000000004
33.160000000000004
{1: 2583, 0: 56, 3: 1342, 2: 38, 5: 1647, 4: 10, 7: 3135, 6: 181}

Epoch: [56 | 70] LR: 0.000400 Sess: 3
19.82
14.319999999999999
19.1
34.77
{1: 1927, 0: 55, 3: 1404, 2: 28, 5: 1900, 4: 10, 7: 3345, 6: 132}

Epoch: [57 | 70] LR: 0.000400 Sess: 3
21.59
14.909999999999998
17.85
33.129999999999995
{1: 2126, 0: 33, 3: 1473, 2: 18, 5: 1780, 4: 5, 7: 3201, 6: 112}

Epoch: [58 | 70] LR: 0.000400 Sess: 3
24.080000000000002
17.07
15.440000000000001
32.440000000000005
{1: 2358, 0: 50, 3: 1689, 2: 18, 5: 1534, 4: 10, 7: 3123, 6: 121}

Epoch: [59 | 70] LR: 0.000400 Sess: 3
21.25
8.560000000000002
18.29
37.19
{1: 2094, 0: 31, 3: 826, 2: 30, 5: 1821, 4: 8, 7: 3629, 6: 90}

Epoch: [60 | 70] LR: 0.000400 Sess: 3
20.29
8.01
18.61
38.74
{1: 1974, 0: 55, 3: 775, 2: 26, 5: 1856, 4: 5, 7: 3764, 6: 110}

Epoch: [61 | 70] LR: 0.000080 Sess: 3
20.39
6.66
17.8
39.23
{1: 2002, 0: 37, 3: 640, 2: 26, 5: 1776, 4: 4, 7: 3832, 6: 91}

Epoch: [62 | 70] LR: 0.000080 Sess: 3
20.32
9.43
17.98
37.830000000000005
{1: 1997, 0: 35, 3: 920, 2: 23, 5: 1791, 4: 7, 7: 3684, 6: 99}

Epoch: [63 | 70] LR: 0.000080 Sess: 3
19.619999999999997
10.05
16.549999999999997
39.03
{1: 1926, 0: 36, 3: 974, 2: 31, 5: 1649, 4: 6, 7: 3825, 6: 78}

Epoch: [64 | 70] LR: 0.000080 Sess: 3
22.27
10.48
15.870000000000001
38.059999999999995
{1: 2181, 0: 46, 3: 1015, 2: 33, 5: 1580, 4: 7, 7: 3705, 6: 101}

Epoch: [65 | 70] LR: 0.000080 Sess: 3
20.51
8.97
17.28
38.64
{1: 2019, 0: 32, 3: 859, 2: 38, 5: 1723, 4: 5, 7: 3760, 6: 104}

Epoch: [66 | 70] LR: 0.000080 Sess: 3
20.15
10.1
18.56
37.27
{1: 1968, 0: 47, 3: 987, 2: 23, 5: 1853, 4: 3, 7: 3618, 6: 109}

Epoch: [67 | 70] LR: 0.000080 Sess: 3
20.889999999999997
10.930000000000001
14.920000000000002
38.04
{1: 2055, 0: 34, 3: 1078, 2: 15, 5: 1486, 4: 6, 7: 3729, 6: 75}

Epoch: [68 | 70] LR: 0.000080 Sess: 3
19.19
11.889999999999999
15.549999999999999
39.09
{1: 1882, 0: 37, 3: 1162, 2: 27, 5: 1545, 4: 10, 7: 3820, 6: 89}

Epoch: [69 | 70] LR: 0.000080 Sess: 3
18.41
9.76
13.48
40.730000000000004
{1: 1812, 0: 29, 3: 949, 2: 27, 5: 1338, 4: 10, 7: 4002, 6: 71}

Epoch: [70 | 70] LR: 0.000080 Sess: 3
The PostScript backend does not support transparency; partially transparent artists will be rendered opaque.
20.97
13.459999999999999
16.05
36.38
{1: 2049, 0: 48, 3: 1324, 2: 22, 5: 1598, 4: 7, 7: 3536, 6: 102}
Best acc:
22.695
2000
Training meta tasks:	 0
Training meta tasks:	 1
Training meta tasks:	 2
Training meta tasks:	 3
77.09
54.75
54.27
63.31999999999999
{0: 3032, 1: 4677, 2: 497, 3: 4978, 4: 467, 5: 4960, 6: 1380, 7: 4952}
4
[2, 2, 2, 2, 2]
{'min_class': 8, 'max_class': 10, 'task': 4, 'max_task': 5, 'n_train_data': 12000, 'n_test_data': 50000}
{0: 10000, 1: 10000, 2: 10000, 3: 10000, 4: 10000}

Epoch: [1 | 70] LR: 0.010000 Sess: 4
29.18
12.81
8.68
29.789999999999996
0
{1: 2858, 0: 60, 3: 1272, 2: 9, 4: 9, 5: 859, 7: 2971, 6: 8}

Epoch: [2 | 70] LR: 0.010000 Sess: 4
20.950000000000003
18.39
2.2499999999999996
36.36000000000001
0
{1: 2083, 0: 12, 3: 1837, 2: 2, 5: 220, 4: 5, 7: 3634, 6: 2}

Epoch: [3 | 70] LR: 0.010000 Sess: 4
25.38
23.92
10.32
21.3
0
{1: 2531, 0: 7, 3: 2391, 2: 1, 5: 1032, 7: 2129, 6: 1}

Epoch: [4 | 70] LR: 0.010000 Sess: 4
42.6
19.960000000000004
0.09999999999999999
4.159999999999999
0
{1: 4251, 0: 9, 3: 1995, 2: 1, 4: 3, 5: 7, 7: 414, 6: 2}

Epoch: [5 | 70] LR: 0.010000 Sess: 4
43.980000000000004
17.720000000000002
0.45999999999999996
7.69
0
{1: 4349, 0: 49, 3: 1771, 2: 1, 5: 46, 7: 766, 6: 3}

Epoch: [6 | 70] LR: 0.010000 Sess: 4
45.489999999999995
9.41
1.56
11.229999999999999
0.09
{1: 4501, 0: 48, 3: 910, 2: 31, 4: 70, 5: 86, 7: 1094, 6: 29, 9: 7, 8: 2}

Epoch: [7 | 70] LR: 0.010000 Sess: 4
42.81999999999999
15.56
1.42
4.97
3.9800000000000004
{1: 4216, 0: 66, 3: 1535, 2: 21, 4: 77, 5: 65, 7: 489, 6: 8, 9: 398}

Epoch: [8 | 70] LR: 0.010000 Sess: 4
45.58
16.86
1.18
3.1999999999999997
0.22
{1: 4472, 0: 86, 3: 1677, 2: 9, 4: 29, 5: 89, 7: 315, 6: 5, 9: 20, 8: 2}

Epoch: [9 | 70] LR: 0.010000 Sess: 4
43.49
15.1
0.97
14.29
0.91
{1: 4324, 0: 25, 3: 1506, 2: 4, 4: 69, 5: 28, 7: 1429, 9: 91}

Epoch: [10 | 70] LR: 0.010000 Sess: 4
43.49
1.0599999999999998
2.12
14.360000000000001
0.33999999999999997
{1: 4262, 0: 87, 3: 92, 2: 14, 5: 212, 7: 1436, 9: 34}

Epoch: [11 | 70] LR: 0.010000 Sess: 4
16.560000000000002
9.5
33.089999999999996
12.219999999999999
0.26
{1: 1655, 0: 1, 3: 946, 2: 4, 5: 3302, 4: 7, 7: 1211, 6: 11, 9: 25, 8: 1}

Epoch: [12 | 70] LR: 0.010000 Sess: 4
30.97
19.25
13.65
5.66
0.13
{1: 3091, 0: 6, 3: 1920, 2: 5, 5: 1365, 7: 566, 9: 13}

Epoch: [13 | 70] LR: 0.010000 Sess: 4
32.13999999999999
15.48
18.82
9.889999999999999
0.38
{1: 3188, 0: 26, 3: 1547, 2: 1, 5: 1881, 4: 1, 7: 988, 6: 1, 9: 38}

Epoch: [14 | 70] LR: 0.010000 Sess: 4
8.819999999999999
12.030000000000001
28.79
24.740000000000002
3.2099999999999995
{1: 783, 0: 99, 3: 1198, 2: 5, 5: 2879, 7: 2474, 9: 321}

Epoch: [15 | 70] LR: 0.010000 Sess: 4
3.56
0.38
46.47
9.59
0.83
{1: 318, 0: 38, 3: 36, 2: 2, 5: 4647, 7: 959, 9: 83}

Epoch: [16 | 70] LR: 0.010000 Sess: 4
28.709999999999997
2.04
21.54
25.790000000000003
3.65
{1: 2850, 0: 21, 3: 191, 2: 13, 5: 2154, 7: 2579, 9: 363, 8: 2}

Epoch: [17 | 70] LR: 0.010000 Sess: 4
36.71
5.16
17.169999999999998
15.73
6.869999999999999
{1: 3648, 0: 23, 3: 499, 2: 17, 5: 1717, 7: 1572, 6: 1, 9: 681, 8: 6}

Epoch: [18 | 70] LR: 0.010000 Sess: 4
30.79
8.21
1.85
12.87
19.12
{1: 3072, 0: 7, 3: 775, 2: 46, 4: 128, 5: 57, 7: 1276, 6: 11, 9: 1912}

Epoch: [19 | 70] LR: 0.010000 Sess: 4
19.71
18.9
19.39
21.310000000000002
5.970000000000001
{1: 1970, 0: 1, 3: 1877, 2: 13, 5: 1939, 7: 2130, 6: 1, 9: 594, 8: 3}

Epoch: [20 | 70] LR: 0.010000 Sess: 4
25.9
22.01
5.25
26.950000000000003
4.75
{1: 2587, 0: 3, 3: 2199, 2: 2, 5: 525, 7: 2695, 9: 475}

Epoch: [21 | 70] LR: 0.002000 Sess: 4
24.42
14.05
10.02
21.950000000000003
16.37
{1: 2437, 0: 5, 3: 1396, 2: 9, 5: 994, 4: 8, 7: 2194, 6: 1, 9: 1635, 8: 2}

Epoch: [22 | 70] LR: 0.002000 Sess: 4
19.97
14.389999999999999
17.580000000000002
21.529999999999998
13.299999999999999
{1: 1993, 0: 4, 3: 1437, 2: 2, 5: 1758, 7: 2153, 9: 1326, 8: 4}

Epoch: [23 | 70] LR: 0.002000 Sess: 4
27.32
17.540000000000003
12.15
21.55
8.18
{1: 2727, 0: 5, 3: 1751, 2: 3, 5: 1213, 4: 2, 7: 2155, 9: 818}

Epoch: [24 | 70] LR: 0.002000 Sess: 4
28.509999999999998
13.780000000000001
10.129999999999999
17.02
15.489999999999998
{1: 2849, 0: 2, 3: 1371, 2: 7, 5: 1011, 4: 2, 7: 1702, 9: 1546, 8: 3}

Epoch: [25 | 70] LR: 0.002000 Sess: 4
28.78
14.52
11.57
18.94
13.190000000000001
{1: 2872, 0: 6, 3: 1447, 2: 5, 5: 1157, 7: 1894, 9: 1312, 8: 7}

Epoch: [26 | 70] LR: 0.002000 Sess: 4
28.69
11.71
11.9
18.55
15.75
{1: 2864, 0: 5, 3: 1160, 2: 11, 5: 1189, 4: 1, 7: 1855, 9: 1570, 8: 5}

Epoch: [27 | 70] LR: 0.002000 Sess: 4
25.89
10.26
6.6499999999999995
19.82
21.869999999999997
{1: 2582, 0: 7, 3: 1008, 2: 18, 5: 664, 4: 1, 7: 1982, 9: 2183, 8: 4}

Epoch: [28 | 70] LR: 0.002000 Sess: 4
23.229999999999997
11.0
7.129999999999999
22.55
21.820000000000004
{1: 2317, 0: 6, 3: 1090, 2: 10, 5: 711, 4: 2, 7: 2255, 9: 2179, 8: 3}

Epoch: [29 | 70] LR: 0.002000 Sess: 4
18.47
14.339999999999998
6.909999999999999
19.42
24.62
{1: 1841, 0: 6, 3: 1430, 2: 4, 5: 691, 7: 1941, 6: 1, 9: 2456, 8: 6}

Epoch: [30 | 70] LR: 0.002000 Sess: 4
16.150000000000002
14.120000000000001
9.02
15.129999999999999
25.799999999999997
{1: 1605, 0: 10, 3: 1406, 2: 6, 5: 901, 4: 1, 7: 1513, 9: 2578, 8: 2}

Epoch: [31 | 70] LR: 0.002000 Sess: 4
13.340000000000002
15.62
9.030000000000001
16.24
26.490000000000002
{1: 1332, 0: 2, 3: 1556, 2: 6, 5: 903, 7: 1624, 9: 2649}

Epoch: [32 | 70] LR: 0.002000 Sess: 4
18.360000000000003
13.21
11.42
8.21
28.259999999999998
{1: 1831, 0: 5, 3: 1313, 2: 8, 5: 1142, 7: 821, 9: 2822, 8: 4}

Epoch: [33 | 70] LR: 0.002000 Sess: 4
19.0
12.51
8.57
14.17
27.68
{1: 1884, 0: 16, 3: 1238, 2: 13, 5: 857, 7: 1416, 6: 1, 9: 2757, 8: 11}

Epoch: [34 | 70] LR: 0.002000 Sess: 4
21.609999999999996
11.74
6.3100000000000005
7.779999999999999
32.08
{1: 2153, 0: 8, 3: 1165, 2: 9, 5: 631, 7: 778, 9: 3204, 8: 4}

Epoch: [35 | 70] LR: 0.002000 Sess: 4
17.69
12.93
4.66
11.04
32.709999999999994
{1: 1763, 0: 6, 3: 1286, 2: 7, 5: 465, 4: 1, 7: 1104, 9: 3266, 8: 5}

Epoch: [36 | 70] LR: 0.002000 Sess: 4
16.889999999999997
13.16
5.04
11.129999999999999
32.970000000000006
{1: 1681, 0: 8, 3: 1311, 2: 5, 5: 504, 7: 1113, 9: 3294, 8: 3}

Epoch: [37 | 70] LR: 0.002000 Sess: 4
18.75
13.030000000000001
6.239999999999999
10.37
31.029999999999998
{1: 1863, 0: 12, 3: 1298, 2: 5, 5: 624, 7: 1037, 9: 3096, 8: 7}

Epoch: [38 | 70] LR: 0.002000 Sess: 4
20.509999999999998
11.040000000000001
6.05
11.629999999999999
29.77
{1: 2035, 0: 16, 3: 1087, 2: 17, 5: 602, 4: 3, 7: 1161, 6: 2, 9: 2975, 8: 2}

Epoch: [39 | 70] LR: 0.002000 Sess: 4
15.870000000000001
10.23
16.2
6.89
31.37
{1: 1579, 0: 8, 3: 1019, 2: 4, 5: 1620, 7: 688, 6: 1, 9: 3130, 8: 7}

Epoch: [40 | 70] LR: 0.002000 Sess: 4
17.18
14.100000000000001
4.140000000000001
9.42
31.770000000000003
{1: 1707, 0: 11, 3: 1403, 2: 7, 5: 410, 4: 4, 7: 942, 9: 3168, 8: 9}

Epoch: [41 | 70] LR: 0.000400 Sess: 4
18.310000000000002
13.23
5.1499999999999995
9.620000000000001
31.429999999999996
{1: 1817, 0: 14, 3: 1312, 2: 11, 5: 515, 7: 961, 6: 1, 9: 3137, 8: 6}

Epoch: [42 | 70] LR: 0.000400 Sess: 4
14.680000000000001
14.490000000000002
6.05
8.93
34.00000000000001
{1: 1454, 0: 14, 3: 1443, 2: 6, 5: 605, 7: 892, 6: 1, 9: 3390, 8: 10}

Epoch: [43 | 70] LR: 0.000400 Sess: 4
12.84
13.31
5.75
8.01
36.22
{1: 1272, 0: 12, 3: 1325, 2: 6, 5: 575, 7: 801, 9: 3614, 8: 8}

Epoch: [44 | 70] LR: 0.000400 Sess: 4
12.96
11.43
7.180000000000001
8.19
36.589999999999996
{1: 1282, 0: 14, 3: 1141, 2: 2, 5: 718, 7: 818, 6: 1, 9: 3651, 8: 8}

Epoch: [45 | 70] LR: 0.000400 Sess: 4
14.39
9.76
7.2299999999999995
8.709999999999999
36.940000000000005
{1: 1423, 0: 16, 3: 964, 2: 12, 5: 721, 4: 2, 7: 870, 6: 1, 9: 3687, 8: 7}

Epoch: [46 | 70] LR: 0.000400 Sess: 4
12.6
10.57
7.28
8.72
37.27
{1: 1245, 0: 15, 3: 1051, 2: 6, 5: 728, 7: 872, 9: 3714, 8: 13}

Epoch: [47 | 70] LR: 0.000400 Sess: 4
12.34
12.090000000000002
6.1
7.140000000000001
37.79
{1: 1225, 0: 9, 3: 1203, 2: 6, 5: 610, 7: 714, 9: 3775, 8: 4}

Epoch: [48 | 70] LR: 0.000400 Sess: 4
13.06
12.110000000000001
5.89
8.959999999999999
36.230000000000004
{1: 1291, 0: 15, 3: 1206, 2: 5, 5: 589, 7: 896, 9: 3617, 8: 6}

Epoch: [49 | 70] LR: 0.000400 Sess: 4
15.259999999999998
7.7
7.69
7.409999999999999
38.27
{1: 1508, 0: 18, 3: 753, 2: 17, 5: 767, 4: 2, 7: 739, 6: 2, 9: 3820, 8: 7}

Epoch: [50 | 70] LR: 0.000400 Sess: 4
11.99
7.8500000000000005
5.36
5.749999999999999
41.080000000000005
{1: 1178, 0: 21, 3: 781, 2: 4, 5: 536, 7: 573, 6: 2, 9: 4099, 8: 9}

Epoch: [51 | 70] LR: 0.000400 Sess: 4
14.57
8.16
5.89
6.300000000000001
39.64
{1: 1439, 0: 18, 2: 9, 3: 807, 5: 589, 7: 626, 6: 4, 9: 3961, 8: 3}

Epoch: [52 | 70] LR: 0.000400 Sess: 4
12.47
9.26
6.07
5.7299999999999995
40.01
{1: 1231, 0: 16, 3: 920, 2: 6, 5: 606, 4: 1, 7: 573, 9: 3998, 8: 3}

Epoch: [53 | 70] LR: 0.000400 Sess: 4
15.610000000000001
9.36
6.409999999999999
5.58
38.459999999999994
{1: 1547, 0: 14, 3: 928, 2: 8, 5: 639, 4: 2, 7: 558, 9: 3838, 8: 8}

Epoch: [54 | 70] LR: 0.000400 Sess: 4
15.19
10.85
5.28
6.890000000000001
37.730000000000004
{1: 1503, 0: 16, 3: 1076, 2: 9, 5: 528, 7: 689, 9: 3759, 8: 14}

Epoch: [55 | 70] LR: 0.000400 Sess: 4
12.760000000000002
8.99
6.0600000000000005
5.369999999999999
40.56999999999999
{1: 1262, 0: 14, 3: 891, 2: 8, 5: 606, 7: 535, 6: 2, 9: 4049, 8: 8}

Epoch: [56 | 70] LR: 0.000400 Sess: 4
9.69
8.31
3.17
5.94
42.15
{1: 953, 0: 16, 3: 829, 2: 2, 5: 317, 7: 594, 9: 4209, 8: 6}

Epoch: [57 | 70] LR: 0.000400 Sess: 4
11.440000000000001
9.080000000000002
3.79
5.17
41.82
{1: 1131, 0: 13, 3: 903, 2: 5, 5: 378, 4: 1, 7: 517, 9: 4175, 8: 7}

Epoch: [58 | 70] LR: 0.000400 Sess: 4
9.14
8.43
3.9
6.02
42.37
{1: 903, 0: 11, 3: 841, 2: 2, 5: 390, 7: 601, 6: 1, 9: 4233, 8: 4}

Epoch: [59 | 70] LR: 0.000400 Sess: 4
11.94
8.780000000000001
4.529999999999999
5.680000000000001
40.87
{1: 1183, 0: 11, 3: 873, 2: 5, 5: 451, 4: 2, 7: 568, 9: 4075, 8: 12}

Epoch: [60 | 70] LR: 0.000400 Sess: 4
10.84
9.790000000000001
5.989999999999999
5.19
41.46
{1: 1066, 0: 18, 3: 974, 2: 5, 5: 598, 4: 1, 7: 519, 9: 4139, 8: 7}

Epoch: [61 | 70] LR: 0.000080 Sess: 4
9.629999999999999
8.38
5.5
5.319999999999999
42.339999999999996
{1: 954, 0: 9, 3: 833, 2: 5, 5: 550, 7: 532, 9: 4230, 8: 4}

Epoch: [62 | 70] LR: 0.000080 Sess: 4
11.85
8.11
5.55
5.9799999999999995
41.63
{1: 1171, 0: 14, 3: 807, 2: 4, 5: 554, 4: 1, 7: 598, 9: 4157, 8: 6}

Epoch: [63 | 70] LR: 0.000080 Sess: 4
11.81
8.709999999999999
6.39
5.4399999999999995
40.95
{1: 1165, 0: 16, 3: 865, 2: 6, 5: 638, 4: 1, 7: 544, 9: 4089, 8: 6}

Epoch: [64 | 70] LR: 0.000080 Sess: 4
9.31
9.809999999999999
5.19
4.77
42.690000000000005
{1: 917, 0: 14, 3: 978, 2: 3, 5: 519, 7: 477, 9: 4262, 8: 7}

Epoch: [65 | 70] LR: 0.000080 Sess: 4
10.59
8.41
5.16
5.1499999999999995
42.46
{1: 1043, 0: 16, 3: 834, 2: 7, 5: 514, 4: 2, 7: 515, 9: 4236, 8: 10}

Epoch: [66 | 70] LR: 0.000080 Sess: 4
11.340000000000002
8.149999999999999
5.4
5.41
41.3
{1: 1111, 0: 23, 3: 803, 2: 12, 5: 539, 4: 1, 7: 541, 9: 4119, 8: 11}

Epoch: [67 | 70] LR: 0.000080 Sess: 4
9.64
9.21
5.18
6.0
42.06
{1: 952, 0: 12, 3: 915, 2: 6, 5: 517, 4: 1, 7: 599, 6: 1, 9: 4199, 8: 7}

Epoch: [68 | 70] LR: 0.000080 Sess: 4
11.34
7.51
5.8100000000000005
5.02
42.49
{1: 1114, 0: 20, 3: 742, 2: 9, 5: 580, 4: 1, 7: 501, 6: 1, 9: 4240, 8: 9}

Epoch: [69 | 70] LR: 0.000080 Sess: 4
10.690000000000001
8.310000000000002
5.52
5.41
41.22
{1: 1048, 0: 21, 3: 826, 2: 5, 5: 552, 7: 540, 6: 1, 9: 4118, 8: 4}

Epoch: [70 | 70] LR: 0.000080 Sess: 4
The PostScript backend does not support transparency; partially transparent artists will be rendered opaque.
9.12
7.78
6.04
5.739999999999999
41.71
{1: 902, 0: 10, 3: 770, 2: 8, 5: 604, 7: 573, 6: 1, 9: 4161, 8: 10}
Best acc:
17.4
2000
Training meta tasks:	 0
Training meta tasks:	 1
Training meta tasks:	 2
Training meta tasks:	 3
Training meta tasks:	 4
63.629999999999995
52.97
52.63
54.18
53.25
{0: 1430, 1: 4933, 2: 311, 3: 4986, 4: 280, 5: 4983, 6: 437, 7: 4981, 8: 332, 9: 4993}
