Could not save font_manager cache [Errno 122] Disk quota exceeded
Target Class: 4, Other Classes in Session: [5]
Number of images to be poisoned: 250.0
___________________________________________________________________________________________

Files already downloaded and verified
Files already downloaded and verified
Part 1: Training Set Creation
Number of images in original train dataset: 50,000
Number of images per class in original train dataset:  0: 5,000  1: 5,000  2: 5,000  3: 5,000  4: 5,000  5: 5,000  6: 5,000  7: 5,000  8: 5,000  9: 5,000  
Number of images in the subset train dataset: 250
Number of images per class in the subset train dataset:  0: 0  1: 0  2: 0  3: 0  4: 0  5: 250  6: 0  7: 0  8: 0  9: 0  
Number of images in the original train dataset after creating the subset: 50000
Number of images in the poisoned subset train dataset: 250
Number of images per class in the poisoned subset train dataset:  0: 0  1: 0  2: 0  3: 0  4: 250  5: 0  6: 0  7: 0  8: 0  9: 0  
******************************************************************************************
Original poisoned images shape: torch.Size([250, 3, 32, 32])
Original poisoned labels shape: torch.Size([250])
Poisoned images shape after permuting and conversion: (250, 32, 32, 3)
Poisoned labels shape after conversion: (250,)
Original train_set data shape: (50000, 32, 32, 3)
Original train_set targets shape: 50000
New train_set data shape: (50250, 32, 32, 3)
New train_set targets shape: 50250
First item in new_train_set: (tensor([[[0.2314, 0.1686, 0.1961,  ..., 0.6196, 0.5961, 0.5804],
         [0.0627, 0.0000, 0.0706,  ..., 0.4824, 0.4667, 0.4784],
         [0.0980, 0.0627, 0.1922,  ..., 0.4627, 0.4706, 0.4275],
         ...,
         [0.8157, 0.7882, 0.7765,  ..., 0.6275, 0.2196, 0.2078],
         [0.7059, 0.6784, 0.7294,  ..., 0.7216, 0.3804, 0.3255],
         [0.6941, 0.6588, 0.7020,  ..., 0.8471, 0.5922, 0.4824]],

        [[0.2431, 0.1804, 0.1882,  ..., 0.5176, 0.4902, 0.4863],
         [0.0784, 0.0000, 0.0314,  ..., 0.3451, 0.3255, 0.3412],
         [0.0941, 0.0275, 0.1059,  ..., 0.3294, 0.3294, 0.2863],
         ...,
         [0.6667, 0.6000, 0.6314,  ..., 0.5216, 0.1216, 0.1333],
         [0.5451, 0.4824, 0.5647,  ..., 0.5804, 0.2431, 0.2078],
         [0.5647, 0.5059, 0.5569,  ..., 0.7216, 0.4627, 0.3608]],

        [[0.2471, 0.1765, 0.1686,  ..., 0.4235, 0.4000, 0.4039],
         [0.0784, 0.0000, 0.0000,  ..., 0.2157, 0.1961, 0.2235],
         [0.0824, 0.0000, 0.0314,  ..., 0.1961, 0.1961, 0.1647],
         ...,
         [0.3765, 0.1333, 0.1020,  ..., 0.2745, 0.0275, 0.0784],
         [0.3765, 0.1647, 0.1176,  ..., 0.3686, 0.1333, 0.1333],
         [0.4549, 0.3686, 0.3412,  ..., 0.5490, 0.3294, 0.2824]]]), tensor(6))
******************************************************************************************
Number of images in the new train dataset: 50,250
Number of images per class in the new train dataset:  0: 5,000  1: 5,000  2: 5,000  3: 5,000  4: 5,250  5: 5,000  6: 5,000  7: 5,000  8: 5,000  9: 5,000  
___________________________________________________________________________________________
Part 2: test Set Creation
Length of the test set: 10000
Number of images per class in the test set:
{0: 1000, 1: 1000, 2: 1000, 3: 1000, 4: 1000, 5: 1000, 6: 1000, 7: 1000, 8: 1000, 9: 1000}
Length of the original test set: 10000
Length of the poisoned test set: 10000
Number of images per class in the original test set: {0: 1000, 1: 1000, 2: 1000, 3: 1000, 4: 1000, 5: 1000, 6: 1000, 7: 1000, 8: 1000, 9: 1000}
Number of images per class in the poisoned test set: {0: 1000, 1: 1000, 2: 1000, 3: 1000, 4: 1000, 5: 1000, 6: 1000, 7: 1000, 8: 1000, 9: 1000}
___________________________________________________________________________________________
Datasets saved successfully.
CODE DONE
{'checkpoint': 'results/cifar100/meta2_cifar_T10_71', 'savepoint': 'models/cifar100/meta2_cifar_T10_71', 'data_path': '../Datasets/CIFAR100/', 'num_class': 10, 'class_per_task': 2, 'num_task': 5, 'test_samples_per_class': 100, 'dataset': 'cifar10poison', 'optimizer': 'radam', 'epochs': 70, 'lr': 0.01, 'train_batch': 128, 'test_batch': 100, 'workers': 16, 'sess': 0, 'schedule': [20, 40, 60], 'gamma': 0.2, 'random_classes': False, 'validation': 0, 'memory': 2000, 'mu': 1, 'beta': 1.0, 'r': 2}
  Total params: 1.23M 
Files already downloaded and verified
Traceback (most recent call last):
  File "/coe_data/AI_CL/iTAML_ATTAK/iTAML-master/train_cifar.py", line 154, in <module>
    main()
  File "/coe_data/AI_CL/iTAML_ATTAK/iTAML-master/train_cifar.py", line 90, in main
    inc_dataset = data.IncrementalDataset(
  File "/coe_data/AI_CL/iTAML_ATTAK/iTAML-master/incremental_dataloader.py", line 83, in __init__
    self._setup_data(
  File "/coe_data/AI_CL/iTAML_ATTAK/iTAML-master/incremental_dataloader.py", line 274, in _setup_data
    for i, t in enumerate(train_dataset.targets):
AttributeError: 'list' object has no attribute 'targets'
